<testsuites id="" name="" tests="104" failures="0" skipped="104" errors="0" time="0.05369300000000004">
<testsuite name="api-authentication.spec.ts" timestamp="2025-10-02T03:20:09.393Z" hostname="chromium" tests="6" failures="0" skipped="6" time="0" errors="0">
<testcase name="API Authentication - JWT Flow › Valid JWT token grants access" classname="api-authentication.spec.ts" time="0">
<skipped>
</skipped>
</testcase>
<testcase name="API Authentication - JWT Flow › Invalid JWT token is rejected" classname="api-authentication.spec.ts" time="0">
<skipped>
</skipped>
</testcase>
<testcase name="API Authentication - JWT Flow › Expired JWT token is rejected" classname="api-authentication.spec.ts" time="0">
<skipped>
</skipped>
</testcase>
<testcase name="API Authentication - JWT Flow › Missing auth header returns 401" classname="api-authentication.spec.ts" time="0">
<skipped>
</skipped>
</testcase>
<testcase name="API Authentication - JWT Flow › Health endpoints do not require auth" classname="api-authentication.spec.ts" time="0">
<skipped>
</skipped>
</testcase>
<testcase name="API Authentication - JWT Flow › User role permissions" classname="api-authentication.spec.ts" time="0">
<skipped>
</skipped>
</testcase>
</testsuite>
<testsuite name="api-bigquery-queries.spec.ts" timestamp="2025-10-02T03:20:09.393Z" hostname="chromium" tests="6" failures="0" skipped="6" time="0" errors="0">
<testcase name="BigQuery Data Pipeline › Cache initializes on first request" classname="api-bigquery-queries.spec.ts" time="0">
<skipped>
</skipped>
</testcase>
<testcase name="BigQuery Data Pipeline › Cache serves data quickly on subsequent requests" classname="api-bigquery-queries.spec.ts" time="0">
<skipped>
</skipped>
</testcase>
<testcase name="BigQuery Data Pipeline › BigQuery status endpoint" classname="api-bigquery-queries.spec.ts" time="0">
<skipped>
</skipped>
</testcase>
<testcase name="BigQuery Data Pipeline › Historical data query" classname="api-bigquery-queries.spec.ts" time="0">
<skipped>
</skipped>
</testcase>
<testcase name="BigQuery Data Pipeline › Product data sync from BigQuery" classname="api-bigquery-queries.spec.ts" time="0">
<skipped>
</skipped>
</testcase>
<testcase name="BigQuery Data Pipeline › Degraded mode handling" classname="api-bigquery-queries.spec.ts" time="0">
<skipped>
</skipped>
</testcase>
</testsuite>
<testsuite name="e2e-age-verification.spec.ts" timestamp="2025-10-02T03:20:09.393Z" hostname="chromium" tests="4" failures="0" skipped="4" time="0" errors="0">
<testcase name="Age Verification - Server-Side Security › should enforce 21+ requirement with server validation" classname="e2e-age-verification.spec.ts" time="0">
<skipped>
</skipped>
</testcase>
<testcase name="Age Verification - Server-Side Security › should allow 21+ users with valid birthdate" classname="e2e-age-verification.spec.ts" time="0">
<skipped>
</skipped>
</testcase>
<testcase name="Age Verification - Server-Side Security › should log verification attempt to BigQuery" classname="e2e-age-verification.spec.ts" time="0">
<skipped>
</skipped>
</testcase>
<testcase name="Age Verification - Server-Side Security › should reject under-21 via API (cannot bypass)" classname="e2e-age-verification.spec.ts" time="0">
<skipped>
</skipped>
</testcase>
</testsuite>
<testsuite name="e2e-autonomous-agent.spec.ts" timestamp="2025-10-02T03:20:09.393Z" hostname="chromium" tests="7" failures="0" skipped="7" time="0" errors="0">
<testcase name="Autonomous Agent - Full Lifecycle › Execute task with approval required" classname="e2e-autonomous-agent.spec.ts" time="0">
<skipped>
</skipped>
</testcase>
<testcase name="Autonomous Agent - Full Lifecycle › Execute task without approval (auto-execute)" classname="e2e-autonomous-agent.spec.ts" time="0">
<skipped>
</skipped>
</testcase>
<testcase name="Autonomous Agent - Full Lifecycle › Cancel in-progress task" classname="e2e-autonomous-agent.spec.ts" time="0">
<skipped>
</skipped>
</testcase>
<testcase name="Autonomous Agent - Full Lifecycle › Rollback completed task" classname="e2e-autonomous-agent.spec.ts" time="0">
<skipped>
</skipped>
</testcase>
<testcase name="Autonomous Agent - Full Lifecycle › Agent capabilities discovery" classname="e2e-autonomous-agent.spec.ts" time="0">
<skipped>
</skipped>
</testcase>
<testcase name="Autonomous Agent - Full Lifecycle › Agent status check" classname="e2e-autonomous-agent.spec.ts" time="0">
<skipped>
</skipped>
</testcase>
<testcase name="Autonomous Agent - Full Lifecycle › Agent task history" classname="e2e-autonomous-agent.spec.ts" time="0">
<skipped>
</skipped>
</testcase>
</testsuite>
<testsuite name="e2e-compliance-api.spec.ts" timestamp="2025-10-02T03:20:09.393Z" hostname="chromium" tests="3" failures="0" skipped="3" time="0" errors="0">
<testcase name="Compliance API - Real Data › should return real compliance metrics from BigQuery" classname="e2e-compliance-api.spec.ts" time="0">
<skipped>
</skipped>
</testcase>
<testcase name="Compliance API - Real Data › should display real compliance data in dashboard" classname="e2e-compliance-api.spec.ts" time="0">
<skipped>
</skipped>
</testcase>
<testcase name="Compliance API - Real Data › should gracefully degrade if BigQuery unavailable" classname="e2e-compliance-api.spec.ts" time="0">
<skipped>
</skipped>
</testcase>
</testsuite>
<testsuite name="e2e-full-suite.spec.ts" timestamp="2025-10-02T03:20:09.393Z" hostname="chromium" tests="25" failures="0" skipped="25" time="0" errors="0">
<testcase name="LivHana Empire - Full System Test Suite › Visual &amp; Layout Verification › Homepage loads with correct branding and layout" classname="e2e-full-suite.spec.ts" time="0">
<skipped>
</skipped>
</testcase>
<testcase name="LivHana Empire - Full System Test Suite › Visual &amp; Layout Verification › Sidebar contains all 12 navigation items" classname="e2e-full-suite.spec.ts" time="0">
<skipped>
</skipped>
</testcase>
<testcase name="LivHana Empire - Full System Test Suite › Visual &amp; Layout Verification › Color scheme and theming is consistent" classname="e2e-full-suite.spec.ts" time="0">
<skipped>
</skipped>
</testcase>
<testcase name="LivHana Empire - Full System Test Suite › Navigation Functionality › All navigation links work and load correct components" classname="e2e-full-suite.spec.ts" time="0">
<skipped>
</skipped>
</testcase>
<testcase name="LivHana Empire - Full System Test Suite › Navigation Functionality › Browser back/forward navigation works" classname="e2e-full-suite.spec.ts" time="0">
<skipped>
</skipped>
</testcase>
<testcase name="LivHana Empire - Full System Test Suite › Real Data Verification › Square Live Cockpit shows real revenue data" classname="e2e-full-suite.spec.ts" time="0">
<skipped>
</skipped>
</testcase>
<testcase name="LivHana Empire - Full System Test Suite › Real Data Verification › Transaction count is non-zero and accurate" classname="e2e-full-suite.spec.ts" time="0">
<skipped>
</skipped>
</testcase>
<testcase name="LivHana Empire - Full System Test Suite › Real Data Verification › Customer count is accurate" classname="e2e-full-suite.spec.ts" time="0">
<skipped>
</skipped>
</testcase>
<testcase name="LivHana Empire - Full System Test Suite › Real Data Verification › BigQuery API returns real data" classname="e2e-full-suite.spec.ts" time="0">
<skipped>
</skipped>
</testcase>
<testcase name="LivHana Empire - Full System Test Suite › User Interactions › Voice Mode button opens modal" classname="e2e-full-suite.spec.ts" time="0">
<skipped>
</skipped>
</testcase>
<testcase name="LivHana Empire - Full System Test Suite › User Interactions › Video Mode interface renders correctly" classname="e2e-full-suite.spec.ts" time="0">
<skipped>
</skipped>
</testcase>
<testcase name="LivHana Empire - Full System Test Suite › User Interactions › Sidebar menu items highlight when active" classname="e2e-full-suite.spec.ts" time="0">
<skipped>
</skipped>
</testcase>
<testcase name="LivHana Empire - Full System Test Suite › Performance &amp; Load Times › Page load time is under 3 seconds" classname="e2e-full-suite.spec.ts" time="0">
<skipped>
</skipped>
</testcase>
<testcase name="LivHana Empire - Full System Test Suite › Performance &amp; Load Times › API response time is under 1 second" classname="e2e-full-suite.spec.ts" time="0">
<skipped>
</skipped>
</testcase>
<testcase name="LivHana Empire - Full System Test Suite › Backend Services Health › Integration Service (3005) is healthy" classname="e2e-full-suite.spec.ts" time="0">
<skipped>
</skipped>
</testcase>
<testcase name="LivHana Empire - Full System Test Suite › Backend Services Health › Reasoning Gateway (4002) is healthy" classname="e2e-full-suite.spec.ts" time="0">
<skipped>
</skipped>
</testcase>
<testcase name="LivHana Empire - Full System Test Suite › Backend Services Health › Voice Service (4001) is healthy" classname="e2e-full-suite.spec.ts" time="0">
<skipped>
</skipped>
</testcase>
<testcase name="LivHana Empire - Full System Test Suite › Error Handling › 404 page handles gracefully" classname="e2e-full-suite.spec.ts" time="0">
<skipped>
</skipped>
</testcase>
<testcase name="LivHana Empire - Full System Test Suite › Error Handling › Dashboard handles API errors gracefully" classname="e2e-full-suite.spec.ts" time="0">
<skipped>
</skipped>
</testcase>
<testcase name="LivHana Empire - Full System Test Suite › Responsive Design › Layout adapts to mobile viewport" classname="e2e-full-suite.spec.ts" time="0">
<skipped>
</skipped>
</testcase>
<testcase name="LivHana Empire - Full System Test Suite › Responsive Design › Layout adapts to tablet viewport" classname="e2e-full-suite.spec.ts" time="0">
<skipped>
</skipped>
</testcase>
<testcase name="LivHana Empire - Full System Test Suite › Accessibility Standards › Page has proper ARIA labels" classname="e2e-full-suite.spec.ts" time="0">
<skipped>
</skipped>
</testcase>
<testcase name="LivHana Empire - Full System Test Suite › Accessibility Standards › Keyboard navigation works" classname="e2e-full-suite.spec.ts" time="0">
<skipped>
</skipped>
</testcase>
<testcase name="LivHana Empire - Full System Test Suite › Visual Regression Tests › Ultimate Cockpit visual snapshot" classname="e2e-full-suite.spec.ts" time="0">
<skipped>
</skipped>
</testcase>
<testcase name="LivHana Empire - Full System Test Suite › Visual Regression Tests › Square Live Cockpit visual snapshot" classname="e2e-full-suite.spec.ts" time="0">
<skipped>
</skipped>
</testcase>
</testsuite>
<testsuite name="e2e-full-system.spec.ts" timestamp="2025-10-02T03:20:09.393Z" hostname="chromium" tests="2" failures="0" skipped="2" time="0" errors="0">
<testcase name="LivHana Trinity - Full System E2E Test › Full system health check and functionality verification" classname="e2e-full-system.spec.ts" time="0">
<skipped>
</skipped>
</testcase>
<testcase name="LivHana Trinity - Full System E2E Test › Error handling and edge cases" classname="e2e-full-system.spec.ts" time="0">
<skipped>
</skipped>
</testcase>
</testsuite>
<testsuite name="e2e-membership-system.spec.ts" timestamp="2025-10-02T03:20:09.393Z" hostname="chromium" tests="5" failures="0" skipped="5" time="0" errors="0">
<testcase name="Membership System - Complete User Journey › Create Bronze membership subscription" classname="e2e-membership-system.spec.ts" time="0">
<skipped>
</skipped>
</testcase>
<testcase name="Membership System - Complete User Journey › Upgrade Bronze to Silver membership" classname="e2e-membership-system.spec.ts" time="0">
<skipped>
</skipped>
</testcase>
<testcase name="Membership System - Complete User Journey › Apply membership discount at checkout" classname="e2e-membership-system.spec.ts" time="0">
<skipped>
</skipped>
</testcase>
<testcase name="Membership System - Complete User Journey › Cancel membership and stop billing" classname="e2e-membership-system.spec.ts" time="0">
<skipped>
</skipped>
</testcase>
<testcase name="Membership System - Complete User Journey › Membership stats dashboard for admin" classname="e2e-membership-system.spec.ts" time="0">
<skipped>
</skipped>
</testcase>
</testsuite>
<testsuite name="e2e-performance.spec.ts" timestamp="2025-10-02T03:20:09.393Z" hostname="chromium" tests="5" failures="0" skipped="5" time="0" errors="0">
<testcase name="Performance - Optimizations Verified › should load dashboard in under 3 seconds" classname="e2e-performance.spec.ts" time="0">
<skipped>
</skipped>
</testcase>
<testcase name="Performance - Optimizations Verified › should fetch BigQuery data in under 2 seconds" classname="e2e-performance.spec.ts" time="0">
<skipped>
</skipped>
</testcase>
<testcase name="Performance - Optimizations Verified › should benefit from Redis caching on second request" classname="e2e-performance.spec.ts" time="0">
<skipped>
</skipped>
</testcase>
<testcase name="Performance - Optimizations Verified › should have JavaScript bundle under 1.5MB" classname="e2e-performance.spec.ts" time="0">
<skipped>
</skipped>
</testcase>
<testcase name="Performance - Optimizations Verified › should handle 10 concurrent requests without degradation" classname="e2e-performance.spec.ts" time="0">
<skipped>
</skipped>
</testcase>
</testsuite>
<testsuite name="e2e-raffle-system.spec.ts" timestamp="2025-10-02T03:20:09.393Z" hostname="chromium" tests="4" failures="0" skipped="4" time="0" errors="0">
<testcase name="Raffle System - Complete Flow › Create new raffle (admin)" classname="e2e-raffle-system.spec.ts" time="0">
<skipped>
</skipped>
</testcase>
<testcase name="Raffle System - Complete Flow › Purchase raffle tickets" classname="e2e-raffle-system.spec.ts" time="0">
<skipped>
</skipped>
</testcase>
<testcase name="Raffle System - Complete Flow › Conduct raffle drawing" classname="e2e-raffle-system.spec.ts" time="0">
<skipped>
</skipped>
</testcase>
<testcase name="Raffle System - Complete Flow › Cancel raffle and process refunds" classname="e2e-raffle-system.spec.ts" time="0">
<skipped>
</skipped>
</testcase>
</testsuite>
<testsuite name="e2e-square-integration.spec.ts" timestamp="2025-10-02T03:20:09.393Z" hostname="chromium" tests="5" failures="0" skipped="5" time="0" errors="0">
<testcase name="Square API Integration - Full Lifecycle › Fetch product catalog from Square API" classname="e2e-square-integration.spec.ts" time="0">
<skipped>
</skipped>
</testcase>
<testcase name="Square API Integration - Full Lifecycle › Handle Square API rate limiting gracefully" classname="e2e-square-integration.spec.ts" time="0">
<skipped>
</skipped>
</testcase>
<testcase name="Square API Integration - Full Lifecycle › Fallback to mock data when Square API is unavailable" classname="e2e-square-integration.spec.ts" time="0">
<skipped>
</skipped>
</testcase>
<testcase name="Square API Integration - Full Lifecycle › Display Square transaction history with filtering" classname="e2e-square-integration.spec.ts" time="0">
<skipped>
</skipped>
</testcase>
<testcase name="Square API Integration - Full Lifecycle › Sync Square inventory updates" classname="e2e-square-integration.spec.ts" time="0">
<skipped>
</skipped>
</testcase>
</testsuite>
<testsuite name="e2e-voice-mode.spec.ts" timestamp="2025-10-02T03:20:09.393Z" hostname="chromium" tests="5" failures="0" skipped="5" time="0" errors="0">
<testcase name="Voice Mode - Complete User Experience › Open voice mode and select voice" classname="e2e-voice-mode.spec.ts" time="0">
<skipped>
</skipped>
</testcase>
<testcase name="Voice Mode - Complete User Experience › Test voice synthesis API endpoint" classname="e2e-voice-mode.spec.ts" time="0">
<skipped>
</skipped>
</testcase>
<testcase name="Voice Mode - Complete User Experience › Get available voices" classname="e2e-voice-mode.spec.ts" time="0">
<skipped>
</skipped>
</testcase>
<testcase name="Voice Mode - Complete User Experience › Voice settings persistence" classname="e2e-voice-mode.spec.ts" time="0">
<skipped>
</skipped>
</testcase>
<testcase name="Voice Mode - Complete User Experience › Voice mode error handling" classname="e2e-voice-mode.spec.ts" time="0">
<skipped>
</skipped>
</testcase>
</testsuite>
<testsuite name="error-invalid-inputs.spec.ts" timestamp="2025-10-02T03:20:09.393Z" hostname="chromium" tests="4" failures="0" skipped="4" time="0" errors="0">
<testcase name="Invalid Input Validation › Reject malformed request payloads" classname="error-invalid-inputs.spec.ts" time="0">
<skipped>
</skipped>
</testcase>
<testcase name="Invalid Input Validation › Reject missing required fields" classname="error-invalid-inputs.spec.ts" time="0">
<skipped>
</skipped>
</testcase>
<testcase name="Invalid Input Validation › Reject invalid data types" classname="error-invalid-inputs.spec.ts" time="0">
<skipped>
</skipped>
</testcase>
<testcase name="Invalid Input Validation › Handle empty request body" classname="error-invalid-inputs.spec.ts" time="0">
<skipped>
</skipped>
</testcase>
</testsuite>
<testsuite name="error-network-failures.spec.ts" timestamp="2025-10-02T03:20:09.393Z" hostname="chromium" tests="4" failures="0" skipped="4" time="0" errors="0">
<testcase name="Network Failure Resilience › Handle API timeout gracefully" classname="error-network-failures.spec.ts" time="0">
<skipped>
</skipped>
</testcase>
<testcase name="Network Failure Resilience › Handle connection refused gracefully" classname="error-network-failures.spec.ts" time="0">
<skipped>
</skipped>
</testcase>
<testcase name="Network Failure Resilience › Handle partial response gracefully" classname="error-network-failures.spec.ts" time="0">
<skipped>
</skipped>
</testcase>
<testcase name="Network Failure Resilience › Handle offline/online transitions" classname="error-network-failures.spec.ts" time="0">
<skipped>
</skipped>
</testcase>
</testsuite>
<testsuite name="error-timeout-scenarios.spec.ts" timestamp="2025-10-02T03:20:09.393Z" hostname="chromium" tests="3" failures="0" skipped="3" time="0" errors="0">
<testcase name="Timeout Scenarios › BigQuery timeout handling (90s limit)" classname="error-timeout-scenarios.spec.ts" time="0">
<skipped>
</skipped>
</testcase>
<testcase name="Timeout Scenarios › Reasoning job timeout handling" classname="error-timeout-scenarios.spec.ts" time="0">
<skipped>
</skipped>
</testcase>
<testcase name="Timeout Scenarios › Voice synthesis timeout handling" classname="error-timeout-scenarios.spec.ts" time="0">
<skipped>
</skipped>
</testcase>
</testsuite>
<testsuite name="performance-concurrent-users.spec.ts" timestamp="2025-10-02T03:20:09.393Z" hostname="chromium" tests="3" failures="0" skipped="3" time="0" errors="0">
<testcase name="Concurrent Users Simulation › Handle multiple simultaneous dashboard loads" classname="performance-concurrent-users.spec.ts" time="0">
<skipped>
</skipped>
</testcase>
<testcase name="Concurrent Users Simulation › Handle multiple simultaneous API requests" classname="performance-concurrent-users.spec.ts" time="0">
<skipped>
</skipped>
</testcase>
<testcase name="Concurrent Users Simulation › System remains responsive under load" classname="performance-concurrent-users.spec.ts" time="0">
<skipped>
</skipped>
</testcase>
</testsuite>
<testsuite name="performance-load-testing.spec.ts" timestamp="2025-10-02T03:20:09.393Z" hostname="chromium" tests="4" failures="0" skipped="4" time="0" errors="0">
<testcase name="Performance Load Testing › Dashboard loads within performance budget" classname="performance-load-testing.spec.ts" time="0">
<skipped>
</skipped>
</testcase>
<testcase name="Performance Load Testing › API response times are acceptable" classname="performance-load-testing.spec.ts" time="0">
<skipped>
</skipped>
</testcase>
<testcase name="Performance Load Testing › Multiple concurrent requests" classname="performance-load-testing.spec.ts" time="0">
<skipped>
</skipped>
</testcase>
<testcase name="Performance Load Testing › Memory usage remains stable" classname="performance-load-testing.spec.ts" time="0">
<skipped>
</skipped>
</testcase>
</testsuite>
<testsuite name="ui-executive-dashboard.spec.ts" timestamp="2025-10-02T03:20:09.393Z" hostname="chromium" tests="4" failures="0" skipped="4" time="0" errors="0">
<testcase name="Executive Dashboard UI › Dashboard loads and displays key metrics" classname="ui-executive-dashboard.spec.ts" time="0">
<skipped>
</skipped>
</testcase>
<testcase name="Executive Dashboard UI › Navigation menu is accessible" classname="ui-executive-dashboard.spec.ts" time="0">
<skipped>
</skipped>
</testcase>
<testcase name="Executive Dashboard UI › Dashboard is responsive" classname="ui-executive-dashboard.spec.ts" time="0">
<skipped>
</skipped>
</testcase>
<testcase name="Executive Dashboard UI › No critical console errors on dashboard" classname="ui-executive-dashboard.spec.ts" time="0">
<skipped>
</skipped>
</testcase>
</testsuite>
<testsuite name="ui-product-catalog.spec.ts" timestamp="2025-10-02T03:20:09.393Z" hostname="chromium" tests="3" failures="0" skipped="3" time="0" errors="0">
<testcase name="Product Catalog UI › Product catalog displays items" classname="ui-product-catalog.spec.ts" time="0">
<skipped>
</skipped>
</testcase>
<testcase name="Product Catalog UI › Product search functionality" classname="ui-product-catalog.spec.ts" time="0">
<skipped>
</skipped>
</testcase>
<testcase name="Product Catalog UI › Product details are visible" classname="ui-product-catalog.spec.ts" time="0">
<skipped>
</skipped>
</testcase>
</testsuite>
<testsuite name="ui-voice-command-center.spec.ts" timestamp="2025-10-02T03:20:09.393Z" hostname="chromium" tests="2" failures="0" skipped="2" time="0" errors="0">
<testcase name="Voice Command Center UI › Voice mode is accessible" classname="ui-voice-command-center.spec.ts" time="0">
<skipped>
</skipped>
</testcase>
<testcase name="Voice Command Center UI › Voice controls are interactive" classname="ui-voice-command-center.spec.ts" time="0">
<skipped>
</skipped>
</testcase>
</testsuite>
</testsuites>